{
  "RSpec": {
    "coverage": {
      "/Users/Pav/Desktop/Makers/Week 4/Bookmark_Manager/spec/setup_test_database.rb": {
        "lines": [
          1,
          null,
          null,
          1,
          15,
          null,
          null,
          15,
          null
        ]
      },
      "/Users/Pav/Desktop/Makers/Week 4/Bookmark_Manager/app.rb": {
        "lines": [
          1,
          1,
          1,
          1,
          1,
          1,
          null,
          1,
          1,
          1,
          null,
          1,
          1,
          null,
          null,
          1,
          8,
          8,
          null,
          null,
          1,
          2,
          null,
          null,
          1,
          2,
          2,
          2,
          null,
          null,
          1,
          null,
          1,
          1,
          1,
          null,
          null,
          1,
          1,
          1,
          null,
          null,
          1,
          1,
          null,
          1,
          null,
          null,
          null,
          null,
          null,
          1,
          null
        ]
      },
      "/Users/Pav/Desktop/Makers/Week 4/Bookmark_Manager/lib/bookmark.rb": {
        "lines": [
          1,
          1,
          null,
          1,
          1,
          10,
          10,
          11,
          null,
          null,
          null,
          1,
          17,
          14,
          14,
          null,
          null,
          1,
          null,
          1,
          29,
          29,
          29,
          null,
          null,
          1,
          2,
          null,
          null,
          1,
          2,
          2,
          null,
          null,
          1,
          2,
          2,
          null,
          null,
          1,
          null,
          1,
          17,
          null,
          null
        ]
      },
      "/Users/Pav/Desktop/Makers/Week 4/Bookmark_Manager/database_connection_setup.rb": {
        "lines": [
          1,
          null,
          1,
          1,
          null,
          0,
          null
        ]
      },
      "/Users/Pav/Desktop/Makers/Week 4/Bookmark_Manager/lib/database_connection.rb": {
        "lines": [
          1,
          1,
          3,
          null,
          null,
          null,
          null,
          null,
          null,
          1,
          31,
          null,
          null
        ]
      },
      "/Users/Pav/Desktop/Makers/Week 4/Bookmark_Manager/spec/bookmark_spec.rb": {
        "lines": [
          1,
          1,
          null,
          1,
          1,
          1,
          1,
          1,
          null,
          null,
          1,
          1,
          1,
          null,
          1,
          null,
          1,
          1,
          1,
          1,
          1,
          null,
          null,
          null,
          1,
          1,
          1,
          1,
          null,
          1,
          1,
          1,
          1,
          null,
          null,
          1,
          1,
          1,
          null,
          null,
          null,
          1,
          1,
          1,
          null,
          1,
          null,
          1,
          null,
          null,
          null,
          1,
          1,
          1,
          1,
          null,
          1,
          1,
          1,
          1,
          null,
          null,
          null,
          1,
          1,
          1,
          null,
          1,
          null,
          1,
          1,
          1,
          1,
          null,
          null,
          null
        ]
      },
      "/Users/Pav/Desktop/Makers/Week 4/Bookmark_Manager/spec/database_helpers.rb": {
        "lines": [
          1,
          null,
          1,
          1,
          1,
          null
        ]
      },
      "/Users/Pav/Desktop/Makers/Week 4/Bookmark_Manager/spec/database_connection_spec.rb": {
        "lines": [
          1,
          null,
          1,
          1,
          1,
          1,
          null,
          1,
          null,
          null,
          null,
          null,
          null,
          null,
          null,
          null,
          null,
          null,
          1,
          1,
          1,
          null,
          1,
          null,
          1,
          null,
          null,
          null
        ]
      },
      "/Users/Pav/Desktop/Makers/Week 4/Bookmark_Manager/spec/features/creating_bookmarks_spec.rb": {
        "lines": [
          1,
          1,
          1,
          null,
          1,
          null,
          null,
          1,
          1,
          1,
          1,
          1,
          null,
          1,
          null,
          null,
          1,
          1,
          1,
          1,
          null,
          1,
          1,
          null,
          null
        ]
      },
      "/Users/Pav/Desktop/Makers/Week 4/Bookmark_Manager/spec/features/deleting_bookmarks_spec.rb": {
        "lines": [
          1,
          null,
          1,
          1,
          null,
          1,
          null,
          1,
          null,
          1,
          null,
          1,
          null,
          null,
          null
        ]
      },
      "/Users/Pav/Desktop/Makers/Week 4/Bookmark_Manager/spec/features/testing_infrastructure_spec.rb": {
        "lines": [
          1,
          1,
          1,
          null,
          1,
          null,
          null
        ]
      },
      "/Users/Pav/Desktop/Makers/Week 4/Bookmark_Manager/spec/features/updating_a_bookmark_spec.rb": {
        "lines": [
          1,
          1,
          1,
          1,
          1,
          null,
          1,
          1,
          null,
          1,
          1,
          1,
          null,
          1,
          1,
          1,
          null,
          null
        ]
      },
      "/Users/Pav/Desktop/Makers/Week 4/Bookmark_Manager/spec/features/viewing_bookmarks_spec.rb": {
        "lines": [
          1,
          1,
          1,
          1,
          1,
          null,
          1,
          null,
          1,
          1,
          1,
          null,
          null,
          null
        ]
      }
    },
    "timestamp": 1627033816
  }
}
