{
  "RSpec": {
    "coverage": {
      "/Users/Pav/Desktop/Makers/Week 4/Bookmark_Manager/spec/setup_test_database.rb": {
        "lines": [
          1,
          null,
          null,
          1,
          6,
          null,
          null,
          6,
          null
        ]
      },
      "/Users/Pav/Desktop/Makers/Week 4/Bookmark_Manager/app.rb": {
        "lines": [
          1,
          1,
          1,
          null,
          1,
          1,
          1,
          null,
          null,
          1,
          1,
          null,
          null,
          1,
          3,
          3,
          null,
          null,
          1,
          1,
          null,
          null,
          null,
          null,
          null,
          null,
          null,
          null,
          1,
          1,
          1,
          null,
          null,
          null,
          1,
          null
        ]
      },
      "/Users/Pav/Desktop/Makers/Week 4/Bookmark_Manager/lib/bookmark.rb": {
        "lines": [
          1,
          null,
          1,
          1,
          4,
          4,
          null,
          0,
          null,
          null,
          4,
          4,
          7,
          null,
          null,
          null,
          1,
          8,
          8,
          null,
          0,
          null,
          null,
          8,
          8,
          null,
          1,
          null,
          1,
          15,
          15,
          15,
          null,
          null
        ]
      },
      "/Users/Pav/Desktop/Makers/Week 4/Bookmark_Manager/spec/bookmark_spec.rb": {
        "lines": [
          1,
          1,
          null,
          1,
          1,
          1,
          1,
          1,
          null,
          null,
          1,
          1,
          1,
          null,
          1,
          null,
          1,
          1,
          1,
          1,
          1,
          null,
          null,
          null,
          1,
          1,
          1,
          1,
          null,
          1,
          1,
          1,
          1,
          null,
          null,
          null
        ]
      },
      "/Users/Pav/Desktop/Makers/Week 4/Bookmark_Manager/spec/database_helpers.rb": {
        "lines": [
          1,
          null,
          1,
          1,
          1,
          null
        ]
      },
      "/Users/Pav/Desktop/Makers/Week 4/Bookmark_Manager/spec/features/creating_bookmarks_spec.rb": {
        "lines": [
          1,
          1,
          1,
          null,
          1,
          null,
          null,
          1,
          1,
          1,
          1,
          1,
          null,
          1,
          null,
          null
        ]
      },
      "/Users/Pav/Desktop/Makers/Week 4/Bookmark_Manager/spec/features/testing_infrastructure_spec.rb": {
        "lines": [
          1,
          1,
          1,
          null,
          1,
          null,
          null
        ]
      },
      "/Users/Pav/Desktop/Makers/Week 4/Bookmark_Manager/spec/features/viewing_bookmarks_spec.rb": {
        "lines": [
          1,
          1,
          1,
          1,
          1,
          null,
          1,
          null,
          1,
          1,
          1,
          null,
          null,
          null
        ]
      }
    },
    "timestamp": 1626897100
  }
}
